<?xml version="1.0" encoding="UTF-8"?>
<testng-results ignored="0" total="10" passed="9" failed="1" skipped="0">
  <reporter-output>
  </reporter-output>
  <suite started-at="2023-10-22T16:19:55 EDT" name="Default suite" finished-at="2023-10-22T16:22:10 EDT" duration-ms="135319">
    <groups>
    </groups>
    <test started-at="2023-10-22T16:19:55 EDT" name="Default test" finished-at="2023-10-22T16:22:10 EDT" duration-ms="135319">
      <class name="com.tests.testNG.AssignmentDataproviderTest">
        <test-method signature="loginTest(java.lang.String,java.lang.String)[pri:0, instance:com.tests.testNG.AssignmentDataproviderTest@9597028]" started-at="2023-10-22T16:19:56 EDT" name="loginTest" data-provider="loginData" finished-at="2023-10-22T16:20:12 EDT" duration-ms="15908" status="PASS">
          <params>
            <param index="0">
              <value>
                <![CDATA[shiga@gmail.com]]>
              </value>
            </param>
            <param index="1">
              <value>
                <![CDATA[sz]]>
              </value>
            </param>
          </params>
          <reporter-output>
          </reporter-output>
        </test-method> <!-- loginTest -->
        <test-method signature="loginTest(java.lang.String,java.lang.String)[pri:0, instance:com.tests.testNG.AssignmentDataproviderTest@9597028]" started-at="2023-10-22T16:20:12 EDT" name="loginTest" data-provider="loginData" finished-at="2023-10-22T16:20:25 EDT" duration-ms="12938" status="FAIL">
          <params>
            <param index="0">
              <value>
                <![CDATA[ganga@gmail.com]]>
              </value>
            </param>
            <param index="1">
              <value>
                <![CDATA[efgh]]>
              </value>
            </param>
          </params>
          <exception class="org.openqa.selenium.NoSuchSessionException">
            <message>
              <![CDATA[WebDriver session does not exist, or is not active
Build info: version: '4.13.0', revision: 'ba948ece5b*'
System info: os.name: 'Windows 11', os.arch: 'amd64', os.version: '10.0', java.version: '19.0.1'
Driver info: org.openqa.selenium.firefox.FirefoxDriver
Command: [f6c7c841-c788-4834-9fd6-c35a91373f2d, quit {}]
Capabilities {acceptInsecureCerts: true, browserName: firefox, browserVersion: 118.0.2, moz:accessibilityChecks: false, moz:buildID: 20231009140911, moz:debuggerAddress: 127.0.0.1:43074, moz:geckodriverVersion: 0.33.0, moz:headless: false, moz:platformVersion: 10.0, moz:processID: 21520, moz:profile: C:\Users\shiga\AppData\Loca..., moz:shutdownTimeout: 60000, moz:webdriverClick: true, moz:windowless: false, pageLoadStrategy: normal, platformName: windows, proxy: Proxy(), se:cdp: ws://127.0.0.1:43074/devtoo..., se:cdpVersion: 85.0, setWindowRect: true, strictFileInteractability: false, timeouts: {implicit: 0, pageLoad: 300000, script: 30000}, unhandledPromptBehavior: dismiss and notify}
Session ID: f6c7c841-c788-4834-9fd6-c35a91373f2d]]>
            </message>
            <full-stacktrace>
              <![CDATA[org.openqa.selenium.NoSuchSessionException: WebDriver session does not exist, or is not active
Build info: version: '4.13.0', revision: 'ba948ece5b*'
System info: os.name: 'Windows 11', os.arch: 'amd64', os.version: '10.0', java.version: '19.0.1'
Driver info: org.openqa.selenium.firefox.FirefoxDriver
Command: [f6c7c841-c788-4834-9fd6-c35a91373f2d, quit {}]
Capabilities {acceptInsecureCerts: true, browserName: firefox, browserVersion: 118.0.2, moz:accessibilityChecks: false, moz:buildID: 20231009140911, moz:debuggerAddress: 127.0.0.1:43074, moz:geckodriverVersion: 0.33.0, moz:headless: false, moz:platformVersion: 10.0, moz:processID: 21520, moz:profile: C:\Users\shiga\AppData\Loca..., moz:shutdownTimeout: 60000, moz:webdriverClick: true, moz:windowless: false, pageLoadStrategy: normal, platformName: windows, proxy: Proxy(), se:cdp: ws://127.0.0.1:43074/devtoo..., se:cdpVersion: 85.0, setWindowRect: true, strictFileInteractability: false, timeouts: {implicit: 0, pageLoad: 300000, script: 30000}, unhandledPromptBehavior: dismiss and notify}
Session ID: f6c7c841-c788-4834-9fd6-c35a91373f2d
at java.base/jdk.internal.reflect.DirectConstructorHandleAccessor.newInstance(DirectConstructorHandleAccessor.java:67)
at java.base/java.lang.reflect.Constructor.newInstanceWithCaller(Constructor.java:500)
at java.base/java.lang.reflect.Constructor.newInstance(Constructor.java:484)
at org.openqa.selenium.remote.codec.w3c.W3CHttpResponseCodec.createException(W3CHttpResponseCodec.java:200)
at org.openqa.selenium.remote.codec.w3c.W3CHttpResponseCodec.decode(W3CHttpResponseCodec.java:133)
at org.openqa.selenium.remote.codec.w3c.W3CHttpResponseCodec.decode(W3CHttpResponseCodec.java:52)
at org.openqa.selenium.remote.HttpCommandExecutor.execute(HttpCommandExecutor.java:191)
at org.openqa.selenium.remote.service.DriverCommandExecutor.invokeExecute(DriverCommandExecutor.java:196)
at org.openqa.selenium.remote.service.DriverCommandExecutor.lambda$execute$1(DriverCommandExecutor.java:128)
at java.base/java.util.concurrent.CompletableFuture$AsyncSupply.run(CompletableFuture.java:1768)
at java.base/java.util.concurrent.ThreadPoolExecutor.runWorker(ThreadPoolExecutor.java:1144)
at java.base/java.util.concurrent.ThreadPoolExecutor$Worker.run(ThreadPoolExecutor.java:642)
at java.base/java.lang.Thread.run(Thread.java:1589)
]]>
            </full-stacktrace>
          </exception> <!-- org.openqa.selenium.NoSuchSessionException -->
          <reporter-output>
          </reporter-output>
        </test-method> <!-- loginTest -->
        <test-method signature="loginTest(java.lang.String,java.lang.String)[pri:0, instance:com.tests.testNG.AssignmentDataproviderTest@9597028]" started-at="2023-10-22T16:20:25 EDT" name="loginTest" data-provider="loginData" finished-at="2023-10-22T16:20:39 EDT" duration-ms="13741" status="PASS">
          <params>
            <param index="0">
              <value>
                <![CDATA[arush@gmail.com]]>
              </value>
            </param>
            <param index="1">
              <value>
                <![CDATA[ijkl]]>
              </value>
            </param>
          </params>
          <reporter-output>
          </reporter-output>
        </test-method> <!-- loginTest -->
        <test-method signature="loginTest(java.lang.String,java.lang.String)[pri:0, instance:com.tests.testNG.AssignmentDataproviderTest@9597028]" started-at="2023-10-22T16:20:39 EDT" name="loginTest" data-provider="loginData" finished-at="2023-10-22T16:20:52 EDT" duration-ms="13283" status="PASS">
          <params>
            <param index="0">
              <value>
                <![CDATA[kanmani@gmail.com]]>
              </value>
            </param>
            <param index="1">
              <value>
                <![CDATA[mnop]]>
              </value>
            </param>
          </params>
          <reporter-output>
          </reporter-output>
        </test-method> <!-- loginTest -->
        <test-method signature="loginTest(java.lang.String,java.lang.String)[pri:0, instance:com.tests.testNG.AssignmentDataproviderTest@9597028]" started-at="2023-10-22T16:20:52 EDT" name="loginTest" data-provider="loginData" finished-at="2023-10-22T16:21:06 EDT" duration-ms="13795" status="PASS">
          <params>
            <param index="0">
              <value>
                <![CDATA[shiga1@gmail.com]]>
              </value>
            </param>
            <param index="1">
              <value>
                <![CDATA[abcd]]>
              </value>
            </param>
          </params>
          <reporter-output>
          </reporter-output>
        </test-method> <!-- loginTest -->
        <test-method signature="loginTest(java.lang.String,java.lang.String)[pri:0, instance:com.tests.testNG.AssignmentDataproviderTest@9597028]" started-at="2023-10-22T16:21:06 EDT" name="loginTest" data-provider="loginData" finished-at="2023-10-22T16:21:19 EDT" duration-ms="12860" status="PASS">
          <params>
            <param index="0">
              <value>
                <![CDATA[ganga2@gmail.com]]>
              </value>
            </param>
            <param index="1">
              <value>
                <![CDATA[efgh]]>
              </value>
            </param>
          </params>
          <reporter-output>
          </reporter-output>
        </test-method> <!-- loginTest -->
        <test-method signature="loginTest(java.lang.String,java.lang.String)[pri:0, instance:com.tests.testNG.AssignmentDataproviderTest@9597028]" started-at="2023-10-22T16:21:19 EDT" name="loginTest" data-provider="loginData" finished-at="2023-10-22T16:21:32 EDT" duration-ms="13416" status="PASS">
          <params>
            <param index="0">
              <value>
                <![CDATA[arush4@gmail.com]]>
              </value>
            </param>
            <param index="1">
              <value>
                <![CDATA[ijkl]]>
              </value>
            </param>
          </params>
          <reporter-output>
          </reporter-output>
        </test-method> <!-- loginTest -->
        <test-method signature="loginTest(java.lang.String,java.lang.String)[pri:0, instance:com.tests.testNG.AssignmentDataproviderTest@9597028]" started-at="2023-10-22T16:21:32 EDT" name="loginTest" data-provider="loginData" finished-at="2023-10-22T16:21:46 EDT" duration-ms="13538" status="PASS">
          <params>
            <param index="0">
              <value>
                <![CDATA[kanman1i@gmail.com]]>
              </value>
            </param>
            <param index="1">
              <value>
                <![CDATA[mnop]]>
              </value>
            </param>
          </params>
          <reporter-output>
          </reporter-output>
        </test-method> <!-- loginTest -->
        <test-method signature="loginTest(java.lang.String,java.lang.String)[pri:0, instance:com.tests.testNG.AssignmentDataproviderTest@9597028]" started-at="2023-10-22T16:21:46 EDT" name="loginTest" data-provider="loginData" finished-at="2023-10-22T16:21:58 EDT" duration-ms="12484" status="PASS">
          <params>
            <param index="0">
              <value>
                <![CDATA[shau@gmail.com]]>
              </value>
            </param>
            <param index="1">
              <value>
                <![CDATA[xwqr]]>
              </value>
            </param>
          </params>
          <reporter-output>
          </reporter-output>
        </test-method> <!-- loginTest -->
        <test-method signature="loginTest(java.lang.String,java.lang.String)[pri:0, instance:com.tests.testNG.AssignmentDataproviderTest@9597028]" started-at="2023-10-22T16:21:58 EDT" name="loginTest" data-provider="loginData" finished-at="2023-10-22T16:22:10 EDT" duration-ms="11930" status="PASS">
          <params>
            <param index="0">
              <value>
                <![CDATA[shaju@gmail.com]]>
              </value>
            </param>
            <param index="1">
              <value>
                <![CDATA[ghjk]]>
              </value>
            </param>
          </params>
          <reporter-output>
          </reporter-output>
        </test-method> <!-- loginTest -->
      </class> <!-- com.tests.testNG.AssignmentDataproviderTest -->
    </test> <!-- Default test -->
  </suite> <!-- Default suite -->
</testng-results>
